mode: set
github.com/markraiter/simple-blog/config/config.go:40.25,42.16 2 0
github.com/markraiter/simple-blog/config/config.go:42.16,43.55 1 0
github.com/markraiter/simple-blog/config/config.go:46.2,48.47 2 0
github.com/markraiter/simple-blog/config/config.go:48.47,49.46 1 0
github.com/markraiter/simple-blog/config/config.go:52.2,54.13 2 0
github.com/markraiter/simple-blog/internal/app/api/server.go:16.39,20.2 1 0
github.com/markraiter/simple-blog/internal/app/api/server.go:22.70,33.2 2 0
github.com/markraiter/simple-blog/internal/app/api/server.go:35.54,37.2 1 0
github.com/markraiter/simple-blog/cmd/main.go:33.13,69.12 16 0
github.com/markraiter/simple-blog/cmd/main.go:69.12,70.70 1 0
github.com/markraiter/simple-blog/cmd/main.go:70.70,71.67 1 0
github.com/markraiter/simple-blog/cmd/main.go:75.2,82.45 5 0
github.com/markraiter/simple-blog/cmd/main.go:82.45,84.3 1 0
github.com/markraiter/simple-blog/docs/docs.go:581.13,583.2 1 0
github.com/markraiter/simple-blog/internal/app/api/middleware/basic_auth.go:25.83,26.46 1 0
github.com/markraiter/simple-blog/internal/app/api/middleware/basic_auth.go:26.46,27.72 1 0
github.com/markraiter/simple-blog/internal/app/api/middleware/basic_auth.go:27.72,34.24 4 0
github.com/markraiter/simple-blog/internal/app/api/middleware/basic_auth.go:34.24,38.5 3 0
github.com/markraiter/simple-blog/internal/app/api/middleware/basic_auth.go:39.4,42.18 3 0
github.com/markraiter/simple-blog/internal/app/api/middleware/basic_auth.go:42.18,43.44 1 0
github.com/markraiter/simple-blog/internal/app/api/middleware/basic_auth.go:43.44,47.6 3 0
github.com/markraiter/simple-blog/internal/app/api/middleware/basic_auth.go:49.5,51.11 3 0
github.com/markraiter/simple-blog/internal/app/api/middleware/basic_auth.go:54.4,61.41 5 0
github.com/markraiter/simple-blog/internal/app/api/middleware/basic_auth.go:66.48,68.12 2 0
github.com/markraiter/simple-blog/internal/app/api/middleware/basic_auth.go:68.12,70.6 1 0
github.com/markraiter/simple-blog/internal/app/api/middleware/basic_auth.go:72.5,73.19 2 0
github.com/markraiter/simple-blog/internal/app/api/middleware/basic_auth.go:73.19,75.6 1 0
github.com/markraiter/simple-blog/internal/app/api/middleware/basic_auth.go:77.5,77.18 1 0
github.com/markraiter/simple-blog/internal/app/api/middleware/basic_auth.go:80.58,82.12 2 0
github.com/markraiter/simple-blog/internal/app/api/middleware/basic_auth.go:82.12,84.6 1 0
github.com/markraiter/simple-blog/internal/app/api/middleware/basic_auth.go:86.5,86.25 1 0
github.com/markraiter/simple-blog/internal/app/api/middleware/basic_auth.go:89.50,91.12 2 0
github.com/markraiter/simple-blog/internal/app/api/middleware/basic_auth.go:91.12,93.6 1 0
github.com/markraiter/simple-blog/internal/app/api/middleware/basic_auth.go:95.5,95.17 1 0
github.com/markraiter/simple-blog/internal/app/api/middleware/basic_auth.go:98.53,100.12 2 0
github.com/markraiter/simple-blog/internal/app/api/middleware/basic_auth.go:100.12,102.6 1 0
github.com/markraiter/simple-blog/internal/app/api/middleware/basic_auth.go:104.5,104.20 1 0
github.com/markraiter/simple-blog/internal/app/api/middleware/logger.go:10.43,13.13 2 0
github.com/markraiter/simple-blog/internal/app/api/middleware/logger.go:14.21,15.95 1 0
github.com/markraiter/simple-blog/internal/app/api/middleware/logger.go:16.20,17.94 1 0
github.com/markraiter/simple-blog/internal/app/api/middleware/logger.go:20.2,20.12 1 0
github.com/markraiter/simple-blog/internal/app/api/middleware/logger.go:23.76,24.46 1 0
github.com/markraiter/simple-blog/internal/app/api/middleware/logger.go:24.46,25.72 1 0
github.com/markraiter/simple-blog/internal/app/api/middleware/logger.go:25.72,39.4 5 0
github.com/markraiter/simple-blog/internal/app/api/middleware/logger.go:49.71,51.2 1 0
github.com/markraiter/simple-blog/internal/app/api/middleware/logger.go:53.62,56.2 2 0
github.com/markraiter/simple-blog/config/config.go:40.25,42.16 2 0
github.com/markraiter/simple-blog/config/config.go:42.16,43.55 1 0
github.com/markraiter/simple-blog/config/config.go:46.2,48.47 2 0
github.com/markraiter/simple-blog/config/config.go:48.47,49.46 1 0
github.com/markraiter/simple-blog/config/config.go:52.2,54.13 2 0
github.com/markraiter/simple-blog/internal/app/service/auth.go:28.96,32.16 3 0
github.com/markraiter/simple-blog/internal/app/service/auth.go:32.16,34.3 1 0
github.com/markraiter/simple-blog/internal/app/service/auth.go:36.2,43.16 3 0
github.com/markraiter/simple-blog/internal/app/service/auth.go:43.16,44.47 1 0
github.com/markraiter/simple-blog/internal/app/service/auth.go:44.47,46.4 1 0
github.com/markraiter/simple-blog/internal/app/service/auth.go:48.3,48.49 1 0
github.com/markraiter/simple-blog/internal/app/service/auth.go:51.2,51.16 1 0
github.com/markraiter/simple-blog/internal/app/service/auth.go:54.108,58.16 3 0
github.com/markraiter/simple-blog/internal/app/service/auth.go:58.16,59.42 1 0
github.com/markraiter/simple-blog/internal/app/service/auth.go:59.42,61.4 1 0
github.com/markraiter/simple-blog/internal/app/service/auth.go:63.3,63.50 1 0
github.com/markraiter/simple-blog/internal/app/service/auth.go:66.2,66.95 1 0
github.com/markraiter/simple-blog/internal/app/service/auth.go:66.95,68.3 1 0
github.com/markraiter/simple-blog/internal/app/service/auth.go:70.2,71.16 2 0
github.com/markraiter/simple-blog/internal/app/service/auth.go:71.16,73.3 1 0
github.com/markraiter/simple-blog/internal/app/service/auth.go:75.2,75.19 1 0
github.com/markraiter/simple-blog/internal/app/service/comment.go:32.118,42.16 4 1
github.com/markraiter/simple-blog/internal/app/service/comment.go:42.16,43.47 1 1
github.com/markraiter/simple-blog/internal/app/service/comment.go:43.47,45.4 1 0
github.com/markraiter/simple-blog/internal/app/service/comment.go:47.3,47.49 1 1
github.com/markraiter/simple-blog/internal/app/service/comment.go:50.2,50.16 1 1
github.com/markraiter/simple-blog/internal/app/service/comment.go:53.87,57.16 3 1
github.com/markraiter/simple-blog/internal/app/service/comment.go:57.16,58.42 1 1
github.com/markraiter/simple-blog/internal/app/service/comment.go:58.42,60.4 1 1
github.com/markraiter/simple-blog/internal/app/service/comment.go:62.3,62.51 1 1
github.com/markraiter/simple-blog/internal/app/service/comment.go:65.2,65.21 1 1
github.com/markraiter/simple-blog/internal/app/service/comment.go:68.100,72.16 3 1
github.com/markraiter/simple-blog/internal/app/service/comment.go:72.16,73.42 1 1
github.com/markraiter/simple-blog/internal/app/service/comment.go:73.42,75.4 1 1
github.com/markraiter/simple-blog/internal/app/service/comment.go:77.3,77.51 1 1
github.com/markraiter/simple-blog/internal/app/service/comment.go:80.2,80.22 1 1
github.com/markraiter/simple-blog/internal/app/service/comment.go:83.124,94.16 4 1
github.com/markraiter/simple-blog/internal/app/service/comment.go:94.16,95.42 1 1
github.com/markraiter/simple-blog/internal/app/service/comment.go:95.42,97.4 1 1
github.com/markraiter/simple-blog/internal/app/service/comment.go:99.3,99.44 1 1
github.com/markraiter/simple-blog/internal/app/service/comment.go:99.44,101.4 1 1
github.com/markraiter/simple-blog/internal/app/service/comment.go:103.3,103.46 1 1
github.com/markraiter/simple-blog/internal/app/service/comment.go:106.2,106.12 1 1
github.com/markraiter/simple-blog/internal/app/service/comment.go:109.90,113.16 3 1
github.com/markraiter/simple-blog/internal/app/service/comment.go:113.16,114.42 1 1
github.com/markraiter/simple-blog/internal/app/service/comment.go:114.42,116.4 1 1
github.com/markraiter/simple-blog/internal/app/service/comment.go:118.3,118.44 1 1
github.com/markraiter/simple-blog/internal/app/service/comment.go:118.44,120.4 1 1
github.com/markraiter/simple-blog/internal/app/service/comment.go:122.3,122.46 1 1
github.com/markraiter/simple-blog/internal/app/service/comment.go:125.2,125.12 1 1
github.com/markraiter/simple-blog/internal/app/service/post.go:32.107,42.16 4 1
github.com/markraiter/simple-blog/internal/app/service/post.go:42.16,44.3 1 1
github.com/markraiter/simple-blog/internal/app/service/post.go:46.2,46.16 1 1
github.com/markraiter/simple-blog/internal/app/service/post.go:49.79,53.16 3 1
github.com/markraiter/simple-blog/internal/app/service/post.go:53.16,54.42 1 1
github.com/markraiter/simple-blog/internal/app/service/post.go:54.42,56.4 1 1
github.com/markraiter/simple-blog/internal/app/service/post.go:58.3,58.51 1 1
github.com/markraiter/simple-blog/internal/app/service/post.go:61.2,61.18 1 1
github.com/markraiter/simple-blog/internal/app/service/post.go:64.74,68.16 3 1
github.com/markraiter/simple-blog/internal/app/service/post.go:68.16,70.3 1 1
github.com/markraiter/simple-blog/internal/app/service/post.go:72.2,72.19 1 1
github.com/markraiter/simple-blog/internal/app/service/post.go:75.110,86.16 4 1
github.com/markraiter/simple-blog/internal/app/service/post.go:86.16,87.42 1 1
github.com/markraiter/simple-blog/internal/app/service/post.go:87.42,89.4 1 1
github.com/markraiter/simple-blog/internal/app/service/post.go:91.9,91.50 1 1
github.com/markraiter/simple-blog/internal/app/service/post.go:91.50,93.10 1 1
github.com/markraiter/simple-blog/internal/app/service/post.go:95.3,95.46 1 1
github.com/markraiter/simple-blog/internal/app/service/post.go:98.2,98.12 1 1
github.com/markraiter/simple-blog/internal/app/service/post.go:101.82,105.16 3 1
github.com/markraiter/simple-blog/internal/app/service/post.go:105.16,106.42 1 1
github.com/markraiter/simple-blog/internal/app/service/post.go:106.42,108.4 1 1
github.com/markraiter/simple-blog/internal/app/service/post.go:110.9,110.50 1 1
github.com/markraiter/simple-blog/internal/app/service/post.go:110.50,112.10 1 1
github.com/markraiter/simple-blog/internal/app/service/post.go:114.3,114.46 1 1
github.com/markraiter/simple-blog/internal/app/service/post.go:117.2,117.12 1 1
github.com/markraiter/simple-blog/internal/app/service/service.go:42.12,59.2 1 0
github.com/markraiter/simple-blog/internal/model/user.go:33.59,36.32 2 0
github.com/markraiter/simple-blog/internal/model/user.go:36.32,37.33 1 0
github.com/markraiter/simple-blog/internal/model/user.go:37.33,39.4 1 0
github.com/markraiter/simple-blog/internal/model/user.go:42.2,42.14 1 0
github.com/markraiter/simple-blog/internal/model/user.go:51.58,54.32 2 0
github.com/markraiter/simple-blog/internal/model/user.go:54.32,55.33 1 0
github.com/markraiter/simple-blog/internal/model/user.go:55.33,57.4 1 0
github.com/markraiter/simple-blog/internal/model/user.go:60.2,60.14 1 0
github.com/markraiter/simple-blog/internal/model/user.go:69.58,72.32 2 0
github.com/markraiter/simple-blog/internal/model/user.go:72.32,73.33 1 0
github.com/markraiter/simple-blog/internal/model/user.go:73.33,75.4 1 0
github.com/markraiter/simple-blog/internal/model/user.go:78.2,78.14 1 0
github.com/markraiter/simple-blog/internal/model/user.go:87.60,91.32 3 0
github.com/markraiter/simple-blog/internal/model/user.go:91.32,92.47 1 0
github.com/markraiter/simple-blog/internal/model/user.go:92.47,94.4 1 0
github.com/markraiter/simple-blog/internal/model/user.go:97.2,97.14 1 0
github.com/markraiter/simple-blog/config/config.go:40.25,42.16 2 0
github.com/markraiter/simple-blog/config/config.go:42.16,43.55 1 0
github.com/markraiter/simple-blog/config/config.go:46.2,48.47 2 0
github.com/markraiter/simple-blog/config/config.go:48.47,49.46 1 0
github.com/markraiter/simple-blog/config/config.go:52.2,54.13 2 0
github.com/markraiter/simple-blog/docs/docs.go:581.13,583.2 1 1
github.com/markraiter/simple-blog/internal/app/api/handler/auth.go:40.75,41.54 1 0
github.com/markraiter/simple-blog/internal/app/api/handler/auth.go:41.54,49.66 4 0
github.com/markraiter/simple-blog/internal/app/api/handler/auth.go:49.66,54.4 3 0
github.com/markraiter/simple-blog/internal/app/api/handler/auth.go:56.3,56.53 1 0
github.com/markraiter/simple-blog/internal/app/api/handler/auth.go:56.53,61.4 3 0
github.com/markraiter/simple-blog/internal/app/api/handler/auth.go:63.3,64.17 2 0
github.com/markraiter/simple-blog/internal/app/api/handler/auth.go:64.17,65.48 1 0
github.com/markraiter/simple-blog/internal/app/api/handler/auth.go:65.48,70.5 3 0
github.com/markraiter/simple-blog/internal/app/api/handler/auth.go:72.4,75.10 3 0
github.com/markraiter/simple-blog/internal/app/api/handler/auth.go:78.3,79.36 2 0
github.com/markraiter/simple-blog/internal/app/api/handler/auth.go:93.85,94.54 1 0
github.com/markraiter/simple-blog/internal/app/api/handler/auth.go:94.54,101.66 4 0
github.com/markraiter/simple-blog/internal/app/api/handler/auth.go:101.66,106.4 3 0
github.com/markraiter/simple-blog/internal/app/api/handler/auth.go:108.3,108.53 1 0
github.com/markraiter/simple-blog/internal/app/api/handler/auth.go:108.53,113.4 3 0
github.com/markraiter/simple-blog/internal/app/api/handler/auth.go:115.3,116.17 2 0
github.com/markraiter/simple-blog/internal/app/api/handler/auth.go:116.17,117.43 1 0
github.com/markraiter/simple-blog/internal/app/api/handler/auth.go:117.43,122.5 3 0
github.com/markraiter/simple-blog/internal/app/api/handler/auth.go:124.4,124.53 1 0
github.com/markraiter/simple-blog/internal/app/api/handler/auth.go:124.53,129.5 3 0
github.com/markraiter/simple-blog/internal/app/api/handler/auth.go:131.4,134.10 3 0
github.com/markraiter/simple-blog/internal/app/api/handler/auth.go:137.3,138.35 2 0
github.com/markraiter/simple-blog/internal/app/api/handler/comment.go:45.78,46.54 1 1
github.com/markraiter/simple-blog/internal/app/api/handler/comment.go:46.54,53.69 5 1
github.com/markraiter/simple-blog/internal/app/api/handler/comment.go:53.69,58.4 3 1
github.com/markraiter/simple-blog/internal/app/api/handler/comment.go:60.3,60.55 1 1
github.com/markraiter/simple-blog/internal/app/api/handler/comment.go:60.55,65.4 3 1
github.com/markraiter/simple-blog/internal/app/api/handler/comment.go:67.3,68.17 2 1
github.com/markraiter/simple-blog/internal/app/api/handler/comment.go:68.17,69.48 1 1
github.com/markraiter/simple-blog/internal/app/api/handler/comment.go:69.48,74.5 3 1
github.com/markraiter/simple-blog/internal/app/api/handler/comment.go:76.4,79.10 3 1
github.com/markraiter/simple-blog/internal/app/api/handler/comment.go:82.3,84.36 3 1
github.com/markraiter/simple-blog/internal/app/api/handler/handler.go:46.12,69.2 1 0
github.com/markraiter/simple-blog/internal/app/api/handler/handler.go:71.97,78.2 5 0
github.com/markraiter/simple-blog/internal/app/api/handler/handler.go:78.2,81.3 2 0
github.com/markraiter/simple-blog/internal/app/api/handler/handler.go:83.2,89.3 5 0
github.com/markraiter/simple-blog/internal/app/api/handler/handler.go:91.2,97.3 1 0
github.com/markraiter/simple-blog/internal/app/api/handler/handler.go:99.2,99.10 1 0
github.com/markraiter/simple-blog/internal/app/api/handler/health.go:19.52,20.54 1 0
github.com/markraiter/simple-blog/internal/app/api/handler/health.go:20.54,27.3 4 0
github.com/markraiter/simple-blog/internal/app/api/handler/post.go:51.72,52.54 1 1
github.com/markraiter/simple-blog/internal/app/api/handler/post.go:52.54,61.66 5 1
github.com/markraiter/simple-blog/internal/app/api/handler/post.go:61.66,66.4 3 1
github.com/markraiter/simple-blog/internal/app/api/handler/post.go:68.3,68.52 1 1
github.com/markraiter/simple-blog/internal/app/api/handler/post.go:68.52,73.4 3 1
github.com/markraiter/simple-blog/internal/app/api/handler/post.go:75.3,76.17 2 1
github.com/markraiter/simple-blog/internal/app/api/handler/post.go:76.17,81.4 3 1
github.com/markraiter/simple-blog/internal/app/api/handler/post.go:83.3,85.36 3 1
github.com/markraiter/simple-blog/internal/app/api/handler/post.go:99.66,100.54 1 1
github.com/markraiter/simple-blog/internal/app/api/handler/post.go:100.54,106.18 4 1
github.com/markraiter/simple-blog/internal/app/api/handler/post.go:106.18,111.4 3 1
github.com/markraiter/simple-blog/internal/app/api/handler/post.go:113.3,114.17 2 1
github.com/markraiter/simple-blog/internal/app/api/handler/post.go:114.17,119.4 3 1
github.com/markraiter/simple-blog/internal/app/api/handler/post.go:121.3,122.17 2 1
github.com/markraiter/simple-blog/internal/app/api/handler/post.go:122.17,123.43 1 1
github.com/markraiter/simple-blog/internal/app/api/handler/post.go:123.43,128.5 3 1
github.com/markraiter/simple-blog/internal/app/api/handler/post.go:130.4,133.10 3 1
github.com/markraiter/simple-blog/internal/app/api/handler/post.go:136.3,139.57 3 1
github.com/markraiter/simple-blog/internal/app/api/handler/post.go:139.57,144.4 3 0
github.com/markraiter/simple-blog/internal/app/api/handler/post.go:156.67,157.54 1 1
github.com/markraiter/simple-blog/internal/app/api/handler/post.go:157.54,163.17 4 1
github.com/markraiter/simple-blog/internal/app/api/handler/post.go:163.17,168.4 3 1
github.com/markraiter/simple-blog/internal/app/api/handler/post.go:170.3,173.58 3 1
github.com/markraiter/simple-blog/internal/app/api/handler/post.go:173.58,178.4 3 0
github.com/markraiter/simple-blog/internal/app/api/handler/post.go:196.72,197.54 1 1
github.com/markraiter/simple-blog/internal/app/api/handler/post.go:197.54,205.22 5 1
github.com/markraiter/simple-blog/internal/app/api/handler/post.go:205.22,210.4 3 1
github.com/markraiter/simple-blog/internal/app/api/handler/post.go:212.3,213.17 2 1
github.com/markraiter/simple-blog/internal/app/api/handler/post.go:213.17,218.4 3 1
github.com/markraiter/simple-blog/internal/app/api/handler/post.go:220.3,221.66 2 1
github.com/markraiter/simple-blog/internal/app/api/handler/post.go:221.66,226.4 3 1
github.com/markraiter/simple-blog/internal/app/api/handler/post.go:228.3,228.52 1 1
github.com/markraiter/simple-blog/internal/app/api/handler/post.go:228.52,233.4 3 1
github.com/markraiter/simple-blog/internal/app/api/handler/post.go:235.3,236.17 2 1
github.com/markraiter/simple-blog/internal/app/api/handler/post.go:236.17,237.45 1 1
github.com/markraiter/simple-blog/internal/app/api/handler/post.go:237.45,242.5 3 1
github.com/markraiter/simple-blog/internal/app/api/handler/post.go:244.4,244.43 1 1
github.com/markraiter/simple-blog/internal/app/api/handler/post.go:244.43,249.5 3 1
github.com/markraiter/simple-blog/internal/app/api/handler/post.go:251.4,254.10 3 1
github.com/markraiter/simple-blog/internal/app/api/handler/post.go:257.3,259.34 3 1
github.com/markraiter/simple-blog/internal/app/api/handler/post.go:276.73,277.54 1 1
github.com/markraiter/simple-blog/internal/app/api/handler/post.go:277.54,285.18 5 1
github.com/markraiter/simple-blog/internal/app/api/handler/post.go:285.18,290.4 3 1
github.com/markraiter/simple-blog/internal/app/api/handler/post.go:292.3,293.17 2 1
github.com/markraiter/simple-blog/internal/app/api/handler/post.go:293.17,298.4 3 1
github.com/markraiter/simple-blog/internal/app/api/handler/post.go:300.3,301.17 2 1
github.com/markraiter/simple-blog/internal/app/api/handler/post.go:301.17,302.45 1 1
github.com/markraiter/simple-blog/internal/app/api/handler/post.go:302.45,307.5 3 1
github.com/markraiter/simple-blog/internal/app/api/handler/post.go:309.4,309.43 1 1
github.com/markraiter/simple-blog/internal/app/api/handler/post.go:309.43,314.5 3 1
github.com/markraiter/simple-blog/internal/app/api/handler/post.go:316.4,319.10 3 1
github.com/markraiter/simple-blog/internal/app/api/handler/post.go:322.3,324.34 3 1
github.com/markraiter/simple-blog/internal/app/api/middleware/basic_auth.go:25.83,26.46 1 0
github.com/markraiter/simple-blog/internal/app/api/middleware/basic_auth.go:26.46,27.72 1 0
github.com/markraiter/simple-blog/internal/app/api/middleware/basic_auth.go:27.72,34.24 4 0
github.com/markraiter/simple-blog/internal/app/api/middleware/basic_auth.go:34.24,38.5 3 0
github.com/markraiter/simple-blog/internal/app/api/middleware/basic_auth.go:39.4,42.18 3 0
github.com/markraiter/simple-blog/internal/app/api/middleware/basic_auth.go:42.18,43.44 1 0
github.com/markraiter/simple-blog/internal/app/api/middleware/basic_auth.go:43.44,47.6 3 0
github.com/markraiter/simple-blog/internal/app/api/middleware/basic_auth.go:49.5,51.11 3 0
github.com/markraiter/simple-blog/internal/app/api/middleware/basic_auth.go:54.4,61.41 5 0
github.com/markraiter/simple-blog/internal/app/api/middleware/basic_auth.go:66.48,68.12 2 1
github.com/markraiter/simple-blog/internal/app/api/middleware/basic_auth.go:68.12,70.6 1 1
github.com/markraiter/simple-blog/internal/app/api/middleware/basic_auth.go:72.5,73.19 2 1
github.com/markraiter/simple-blog/internal/app/api/middleware/basic_auth.go:73.19,75.6 1 0
github.com/markraiter/simple-blog/internal/app/api/middleware/basic_auth.go:77.5,77.18 1 1
github.com/markraiter/simple-blog/internal/app/api/middleware/basic_auth.go:80.58,82.12 2 0
github.com/markraiter/simple-blog/internal/app/api/middleware/basic_auth.go:82.12,84.6 1 0
github.com/markraiter/simple-blog/internal/app/api/middleware/basic_auth.go:86.5,86.25 1 0
github.com/markraiter/simple-blog/internal/app/api/middleware/basic_auth.go:89.50,91.12 2 0
github.com/markraiter/simple-blog/internal/app/api/middleware/basic_auth.go:91.12,93.6 1 0
github.com/markraiter/simple-blog/internal/app/api/middleware/basic_auth.go:95.5,95.17 1 0
github.com/markraiter/simple-blog/internal/app/api/middleware/basic_auth.go:98.53,100.12 2 0
github.com/markraiter/simple-blog/internal/app/api/middleware/basic_auth.go:100.12,102.6 1 0
github.com/markraiter/simple-blog/internal/app/api/middleware/basic_auth.go:104.5,104.20 1 0
github.com/markraiter/simple-blog/internal/app/api/middleware/logger.go:10.43,13.13 2 0
github.com/markraiter/simple-blog/internal/app/api/middleware/logger.go:14.21,15.95 1 0
github.com/markraiter/simple-blog/internal/app/api/middleware/logger.go:16.20,17.94 1 0
github.com/markraiter/simple-blog/internal/app/api/middleware/logger.go:20.2,20.12 1 0
github.com/markraiter/simple-blog/internal/app/api/middleware/logger.go:23.76,24.46 1 0
github.com/markraiter/simple-blog/internal/app/api/middleware/logger.go:24.46,25.72 1 0
github.com/markraiter/simple-blog/internal/app/api/middleware/logger.go:25.72,39.4 5 0
github.com/markraiter/simple-blog/internal/app/api/middleware/logger.go:49.71,51.2 1 0
github.com/markraiter/simple-blog/internal/app/api/middleware/logger.go:53.62,56.2 2 0
github.com/markraiter/simple-blog/internal/lib/sl/sl.go:5.31,10.2 1 1
github.com/markraiter/simple-blog/internal/model/user.go:33.59,36.32 2 0
github.com/markraiter/simple-blog/internal/model/user.go:36.32,37.33 1 0
github.com/markraiter/simple-blog/internal/model/user.go:37.33,39.4 1 0
github.com/markraiter/simple-blog/internal/model/user.go:42.2,42.14 1 0
github.com/markraiter/simple-blog/internal/model/user.go:51.58,54.32 2 0
github.com/markraiter/simple-blog/internal/model/user.go:54.32,55.33 1 0
github.com/markraiter/simple-blog/internal/model/user.go:55.33,57.4 1 0
github.com/markraiter/simple-blog/internal/model/user.go:60.2,60.14 1 0
github.com/markraiter/simple-blog/internal/model/user.go:69.58,72.32 2 0
github.com/markraiter/simple-blog/internal/model/user.go:72.32,73.33 1 0
github.com/markraiter/simple-blog/internal/model/user.go:73.33,75.4 1 0
github.com/markraiter/simple-blog/internal/model/user.go:78.2,78.14 1 0
github.com/markraiter/simple-blog/internal/model/user.go:87.60,91.32 3 0
github.com/markraiter/simple-blog/internal/model/user.go:91.32,92.47 1 0
github.com/markraiter/simple-blog/internal/model/user.go:92.47,94.4 1 0
github.com/markraiter/simple-blog/internal/model/user.go:97.2,97.14 1 0
github.com/markraiter/simple-blog/internal/model/user.go:33.59,36.32 2 0
github.com/markraiter/simple-blog/internal/model/user.go:36.32,37.33 1 0
github.com/markraiter/simple-blog/internal/model/user.go:37.33,39.4 1 0
github.com/markraiter/simple-blog/internal/model/user.go:42.2,42.14 1 0
github.com/markraiter/simple-blog/internal/model/user.go:51.58,54.32 2 0
github.com/markraiter/simple-blog/internal/model/user.go:54.32,55.33 1 0
github.com/markraiter/simple-blog/internal/model/user.go:55.33,57.4 1 0
github.com/markraiter/simple-blog/internal/model/user.go:60.2,60.14 1 0
github.com/markraiter/simple-blog/internal/model/user.go:69.58,72.32 2 0
github.com/markraiter/simple-blog/internal/model/user.go:72.32,73.33 1 0
github.com/markraiter/simple-blog/internal/model/user.go:73.33,75.4 1 0
github.com/markraiter/simple-blog/internal/model/user.go:78.2,78.14 1 0
github.com/markraiter/simple-blog/internal/model/user.go:87.60,91.32 3 0
github.com/markraiter/simple-blog/internal/model/user.go:91.32,92.47 1 0
github.com/markraiter/simple-blog/internal/model/user.go:92.47,94.4 1 0
github.com/markraiter/simple-blog/internal/model/user.go:97.2,97.14 1 0
github.com/markraiter/simple-blog/internal/lib/sl/sl.go:5.31,10.2 1 0
github.com/markraiter/simple-blog/config/config.go:40.25,42.16 2 0
github.com/markraiter/simple-blog/config/config.go:42.16,43.55 1 0
github.com/markraiter/simple-blog/config/config.go:46.2,48.47 2 0
github.com/markraiter/simple-blog/config/config.go:48.47,49.46 1 0
github.com/markraiter/simple-blog/config/config.go:52.2,54.13 2 0
github.com/markraiter/simple-blog/internal/lib/jwt/jwt.go:31.90,37.9 4 1
github.com/markraiter/simple-blog/internal/lib/jwt/jwt.go:37.9,39.3 1 0
github.com/markraiter/simple-blog/internal/lib/jwt/jwt.go:41.2,47.16 6 1
github.com/markraiter/simple-blog/internal/lib/jwt/jwt.go:47.16,49.3 1 0
github.com/markraiter/simple-blog/internal/lib/jwt/jwt.go:51.2,51.25 1 1
github.com/markraiter/simple-blog/internal/lib/jwt/jwt.go:58.71,59.83 1 0
github.com/markraiter/simple-blog/internal/lib/jwt/jwt.go:59.83,60.58 1 0
github.com/markraiter/simple-blog/internal/lib/jwt/jwt.go:60.58,62.4 1 0
github.com/markraiter/simple-blog/internal/lib/jwt/jwt.go:64.3,64.33 1 0
github.com/markraiter/simple-blog/internal/lib/jwt/jwt.go:66.2,66.16 1 0
github.com/markraiter/simple-blog/internal/lib/jwt/jwt.go:66.16,67.42 1 0
github.com/markraiter/simple-blog/internal/lib/jwt/jwt.go:67.42,69.4 1 0
github.com/markraiter/simple-blog/internal/lib/jwt/jwt.go:71.3,71.80 1 0
github.com/markraiter/simple-blog/internal/lib/jwt/jwt.go:74.2,75.25 2 0
github.com/markraiter/simple-blog/internal/lib/jwt/jwt.go:75.25,77.3 1 0
github.com/markraiter/simple-blog/internal/lib/jwt/jwt.go:79.2,80.34 2 0
github.com/markraiter/simple-blog/internal/lib/jwt/jwt.go:80.34,81.26 1 0
github.com/markraiter/simple-blog/internal/lib/jwt/jwt.go:82.15,83.14 1 0
github.com/markraiter/simple-blog/internal/lib/jwt/jwt.go:84.16,85.35 1 0
github.com/markraiter/simple-blog/internal/lib/jwt/jwt.go:87.8,89.3 1 0
github.com/markraiter/simple-blog/internal/lib/jwt/jwt.go:91.2,92.39 2 0
github.com/markraiter/simple-blog/internal/lib/jwt/jwt.go:92.39,93.31 1 0
github.com/markraiter/simple-blog/internal/lib/jwt/jwt.go:94.16,95.18 1 0
github.com/markraiter/simple-blog/internal/lib/jwt/jwt.go:96.14,97.11 1 0
github.com/markraiter/simple-blog/internal/lib/jwt/jwt.go:98.11,99.40 1 0
github.com/markraiter/simple-blog/internal/lib/jwt/jwt.go:101.8,103.3 1 0
github.com/markraiter/simple-blog/internal/lib/jwt/jwt.go:105.2,106.43 2 0
github.com/markraiter/simple-blog/internal/lib/jwt/jwt.go:106.43,107.33 1 0
github.com/markraiter/simple-blog/internal/lib/jwt/jwt.go:108.15,109.13 1 0
github.com/markraiter/simple-blog/internal/lib/jwt/jwt.go:111.8,113.3 1 0
github.com/markraiter/simple-blog/internal/lib/jwt/jwt.go:115.2,116.49 2 0
github.com/markraiter/simple-blog/internal/lib/jwt/jwt.go:116.49,117.36 1 0
github.com/markraiter/simple-blog/internal/lib/jwt/jwt.go:118.15,119.16 1 0
github.com/markraiter/simple-blog/internal/lib/jwt/jwt.go:121.8,123.3 1 0
github.com/markraiter/simple-blog/internal/lib/jwt/jwt.go:125.2,132.17 2 0
github.com/markraiter/simple-blog/internal/model/user.go:33.59,36.32 2 0
github.com/markraiter/simple-blog/internal/model/user.go:36.32,37.33 1 0
github.com/markraiter/simple-blog/internal/model/user.go:37.33,39.4 1 0
github.com/markraiter/simple-blog/internal/model/user.go:42.2,42.14 1 0
github.com/markraiter/simple-blog/internal/model/user.go:51.58,54.32 2 0
github.com/markraiter/simple-blog/internal/model/user.go:54.32,55.33 1 0
github.com/markraiter/simple-blog/internal/model/user.go:55.33,57.4 1 0
github.com/markraiter/simple-blog/internal/model/user.go:60.2,60.14 1 0
github.com/markraiter/simple-blog/internal/model/user.go:69.58,72.32 2 0
github.com/markraiter/simple-blog/internal/model/user.go:72.32,73.33 1 0
github.com/markraiter/simple-blog/internal/model/user.go:73.33,75.4 1 0
github.com/markraiter/simple-blog/internal/model/user.go:78.2,78.14 1 0
github.com/markraiter/simple-blog/internal/model/user.go:87.60,91.32 3 0
github.com/markraiter/simple-blog/internal/model/user.go:91.32,92.47 1 0
github.com/markraiter/simple-blog/internal/model/user.go:92.47,94.4 1 0
github.com/markraiter/simple-blog/internal/model/user.go:97.2,97.14 1 0
github.com/markraiter/simple-blog/config/config.go:40.25,42.16 2 0
github.com/markraiter/simple-blog/config/config.go:42.16,43.55 1 0
github.com/markraiter/simple-blog/config/config.go:46.2,48.47 2 0
github.com/markraiter/simple-blog/config/config.go:48.47,49.46 1 0
github.com/markraiter/simple-blog/config/config.go:52.2,54.13 2 0
github.com/markraiter/simple-blog/internal/app/storage/postgres/auth.go:14.80,19.16 4 0
github.com/markraiter/simple-blog/internal/app/storage/postgres/auth.go:19.16,22.54 2 0
github.com/markraiter/simple-blog/internal/app/storage/postgres/auth.go:22.54,24.4 1 0
github.com/markraiter/simple-blog/internal/app/storage/postgres/auth.go:26.3,26.49 1 0
github.com/markraiter/simple-blog/internal/app/storage/postgres/auth.go:29.2,29.21 1 0
github.com/markraiter/simple-blog/internal/app/storage/postgres/auth.go:32.80,36.16 3 0
github.com/markraiter/simple-blog/internal/app/storage/postgres/auth.go:36.16,38.3 1 0
github.com/markraiter/simple-blog/internal/app/storage/postgres/auth.go:40.2,45.16 4 0
github.com/markraiter/simple-blog/internal/app/storage/postgres/auth.go:45.16,46.36 1 0
github.com/markraiter/simple-blog/internal/app/storage/postgres/auth.go:46.36,48.4 1 0
github.com/markraiter/simple-blog/internal/app/storage/postgres/auth.go:50.3,50.51 1 0
github.com/markraiter/simple-blog/internal/app/storage/postgres/auth.go:53.2,53.18 1 0
github.com/markraiter/simple-blog/internal/app/storage/postgres/comment.go:16.89,20.16 3 1
github.com/markraiter/simple-blog/internal/app/storage/postgres/comment.go:20.16,22.3 1 1
github.com/markraiter/simple-blog/internal/app/storage/postgres/comment.go:24.2,24.17 1 0
github.com/markraiter/simple-blog/internal/app/storage/postgres/comment.go:24.17,26.3 1 0
github.com/markraiter/simple-blog/internal/app/storage/postgres/comment.go:28.2,29.16 2 0
github.com/markraiter/simple-blog/internal/app/storage/postgres/comment.go:29.16,31.3 1 0
github.com/markraiter/simple-blog/internal/app/storage/postgres/comment.go:33.2,35.16 3 0
github.com/markraiter/simple-blog/internal/app/storage/postgres/comment.go:35.16,38.3 2 0
github.com/markraiter/simple-blog/internal/app/storage/postgres/comment.go:40.2,42.16 3 0
github.com/markraiter/simple-blog/internal/app/storage/postgres/comment.go:42.16,45.3 2 0
github.com/markraiter/simple-blog/internal/app/storage/postgres/comment.go:47.2,47.35 1 0
github.com/markraiter/simple-blog/internal/app/storage/postgres/comment.go:47.35,49.3 1 0
github.com/markraiter/simple-blog/internal/app/storage/postgres/comment.go:51.2,51.24 1 0
github.com/markraiter/simple-blog/internal/app/storage/postgres/comment.go:57.80,61.16 3 1
github.com/markraiter/simple-blog/internal/app/storage/postgres/comment.go:61.16,63.3 1 1
github.com/markraiter/simple-blog/internal/app/storage/postgres/comment.go:65.2,69.16 4 1
github.com/markraiter/simple-blog/internal/app/storage/postgres/comment.go:69.16,70.36 1 1
github.com/markraiter/simple-blog/internal/app/storage/postgres/comment.go:70.36,72.4 1 1
github.com/markraiter/simple-blog/internal/app/storage/postgres/comment.go:74.3,74.51 1 1
github.com/markraiter/simple-blog/internal/app/storage/postgres/comment.go:77.2,77.21 1 1
github.com/markraiter/simple-blog/internal/app/storage/postgres/comment.go:83.93,87.16 3 1
github.com/markraiter/simple-blog/internal/app/storage/postgres/comment.go:87.16,89.3 1 1
github.com/markraiter/simple-blog/internal/app/storage/postgres/comment.go:91.2,92.16 2 1
github.com/markraiter/simple-blog/internal/app/storage/postgres/comment.go:92.16,93.36 1 1
github.com/markraiter/simple-blog/internal/app/storage/postgres/comment.go:93.36,95.4 1 1
github.com/markraiter/simple-blog/internal/app/storage/postgres/comment.go:97.3,97.51 1 1
github.com/markraiter/simple-blog/internal/app/storage/postgres/comment.go:99.2,102.18 3 1
github.com/markraiter/simple-blog/internal/app/storage/postgres/comment.go:102.18,105.17 3 1
github.com/markraiter/simple-blog/internal/app/storage/postgres/comment.go:105.17,107.4 1 1
github.com/markraiter/simple-blog/internal/app/storage/postgres/comment.go:109.3,109.39 1 1
github.com/markraiter/simple-blog/internal/app/storage/postgres/comment.go:112.2,112.22 1 1
github.com/markraiter/simple-blog/internal/app/storage/postgres/comment.go:119.84,131.16 5 1
github.com/markraiter/simple-blog/internal/app/storage/postgres/comment.go:131.16,132.36 1 1
github.com/markraiter/simple-blog/internal/app/storage/postgres/comment.go:132.36,136.18 4 1
github.com/markraiter/simple-blog/internal/app/storage/postgres/comment.go:136.18,137.38 1 1
github.com/markraiter/simple-blog/internal/app/storage/postgres/comment.go:137.38,139.6 1 1
github.com/markraiter/simple-blog/internal/app/storage/postgres/comment.go:140.5,140.48 1 1
github.com/markraiter/simple-blog/internal/app/storage/postgres/comment.go:142.4,142.65 1 1
github.com/markraiter/simple-blog/internal/app/storage/postgres/comment.go:144.3,144.46 1 1
github.com/markraiter/simple-blog/internal/app/storage/postgres/comment.go:147.2,147.12 1 1
github.com/markraiter/simple-blog/internal/app/storage/postgres/comment.go:154.83,158.16 3 1
github.com/markraiter/simple-blog/internal/app/storage/postgres/comment.go:158.16,160.3 1 1
github.com/markraiter/simple-blog/internal/app/storage/postgres/comment.go:162.2,169.16 4 1
github.com/markraiter/simple-blog/internal/app/storage/postgres/comment.go:169.16,170.36 1 1
github.com/markraiter/simple-blog/internal/app/storage/postgres/comment.go:170.36,175.18 4 1
github.com/markraiter/simple-blog/internal/app/storage/postgres/comment.go:175.18,177.38 2 1
github.com/markraiter/simple-blog/internal/app/storage/postgres/comment.go:177.38,181.6 2 1
github.com/markraiter/simple-blog/internal/app/storage/postgres/comment.go:182.5,184.48 2 1
github.com/markraiter/simple-blog/internal/app/storage/postgres/comment.go:186.4,188.65 2 1
github.com/markraiter/simple-blog/internal/app/storage/postgres/comment.go:190.3,192.46 2 1
github.com/markraiter/simple-blog/internal/app/storage/postgres/comment.go:195.2,197.16 3 1
github.com/markraiter/simple-blog/internal/app/storage/postgres/comment.go:197.16,201.3 2 1
github.com/markraiter/simple-blog/internal/app/storage/postgres/comment.go:203.2,203.35 1 1
github.com/markraiter/simple-blog/internal/app/storage/postgres/comment.go:203.35,205.3 1 1
github.com/markraiter/simple-blog/internal/app/storage/postgres/comment.go:207.2,207.12 1 1
github.com/markraiter/simple-blog/internal/app/storage/postgres/post.go:13.80,19.16 4 1
github.com/markraiter/simple-blog/internal/app/storage/postgres/post.go:19.16,21.3 1 1
github.com/markraiter/simple-blog/internal/app/storage/postgres/post.go:23.2,23.21 1 1
github.com/markraiter/simple-blog/internal/app/storage/postgres/post.go:26.74,30.16 3 1
github.com/markraiter/simple-blog/internal/app/storage/postgres/post.go:30.16,32.3 1 1
github.com/markraiter/simple-blog/internal/app/storage/postgres/post.go:34.2,39.16 4 1
github.com/markraiter/simple-blog/internal/app/storage/postgres/post.go:39.16,40.36 1 1
github.com/markraiter/simple-blog/internal/app/storage/postgres/post.go:40.36,42.4 1 1
github.com/markraiter/simple-blog/internal/app/storage/postgres/post.go:44.3,44.51 1 1
github.com/markraiter/simple-blog/internal/app/storage/postgres/post.go:47.2,47.18 1 1
github.com/markraiter/simple-blog/internal/app/storage/postgres/post.go:50.69,54.16 3 1
github.com/markraiter/simple-blog/internal/app/storage/postgres/post.go:54.16,56.3 1 1
github.com/markraiter/simple-blog/internal/app/storage/postgres/post.go:58.2,59.16 2 1
github.com/markraiter/simple-blog/internal/app/storage/postgres/post.go:59.16,61.3 1 1
github.com/markraiter/simple-blog/internal/app/storage/postgres/post.go:62.2,65.18 3 1
github.com/markraiter/simple-blog/internal/app/storage/postgres/post.go:65.18,68.17 3 1
github.com/markraiter/simple-blog/internal/app/storage/postgres/post.go:68.17,70.4 1 1
github.com/markraiter/simple-blog/internal/app/storage/postgres/post.go:72.3,72.30 1 1
github.com/markraiter/simple-blog/internal/app/storage/postgres/post.go:75.2,75.19 1 1
github.com/markraiter/simple-blog/internal/app/storage/postgres/post.go:82.75,95.16 5 1
github.com/markraiter/simple-blog/internal/app/storage/postgres/post.go:95.16,96.36 1 1
github.com/markraiter/simple-blog/internal/app/storage/postgres/post.go:96.36,102.18 4 1
github.com/markraiter/simple-blog/internal/app/storage/postgres/post.go:102.18,103.38 1 1
github.com/markraiter/simple-blog/internal/app/storage/postgres/post.go:103.38,105.6 1 1
github.com/markraiter/simple-blog/internal/app/storage/postgres/post.go:106.5,106.48 1 1
github.com/markraiter/simple-blog/internal/app/storage/postgres/post.go:108.4,108.65 1 1
github.com/markraiter/simple-blog/internal/app/storage/postgres/post.go:110.3,110.46 1 1
github.com/markraiter/simple-blog/internal/app/storage/postgres/post.go:113.2,113.12 1 1
github.com/markraiter/simple-blog/internal/app/storage/postgres/post.go:116.77,128.16 5 1
github.com/markraiter/simple-blog/internal/app/storage/postgres/post.go:128.16,129.36 1 1
github.com/markraiter/simple-blog/internal/app/storage/postgres/post.go:129.36,135.18 4 1
github.com/markraiter/simple-blog/internal/app/storage/postgres/post.go:135.18,136.38 1 1
github.com/markraiter/simple-blog/internal/app/storage/postgres/post.go:136.38,138.6 1 1
github.com/markraiter/simple-blog/internal/app/storage/postgres/post.go:139.5,139.48 1 1
github.com/markraiter/simple-blog/internal/app/storage/postgres/post.go:141.4,141.65 1 1
github.com/markraiter/simple-blog/internal/app/storage/postgres/post.go:143.3,143.46 1 1
github.com/markraiter/simple-blog/internal/app/storage/postgres/post.go:146.2,146.12 1 1
github.com/markraiter/simple-blog/internal/app/storage/postgres/post.go:149.77,157.16 5 1
github.com/markraiter/simple-blog/internal/app/storage/postgres/post.go:157.16,159.3 1 1
github.com/markraiter/simple-blog/internal/app/storage/postgres/post.go:161.2,161.20 1 0
github.com/markraiter/simple-blog/internal/app/storage/postgres/postgres.go:15.40,26.16 3 0
github.com/markraiter/simple-blog/internal/app/storage/postgres/postgres.go:26.16,27.13 1 0
github.com/markraiter/simple-blog/internal/app/storage/postgres/postgres.go:30.2,31.16 2 0
github.com/markraiter/simple-blog/internal/app/storage/postgres/postgres.go:31.16,33.3 1 0
github.com/markraiter/simple-blog/internal/app/storage/postgres/postgres.go:35.2,35.33 1 0
github.com/markraiter/simple-blog/internal/model/user.go:33.59,36.32 2 0
github.com/markraiter/simple-blog/internal/model/user.go:36.32,37.33 1 0
github.com/markraiter/simple-blog/internal/model/user.go:37.33,39.4 1 0
github.com/markraiter/simple-blog/internal/model/user.go:42.2,42.14 1 0
github.com/markraiter/simple-blog/internal/model/user.go:51.58,54.32 2 0
github.com/markraiter/simple-blog/internal/model/user.go:54.32,55.33 1 0
github.com/markraiter/simple-blog/internal/model/user.go:55.33,57.4 1 0
github.com/markraiter/simple-blog/internal/model/user.go:60.2,60.14 1 0
github.com/markraiter/simple-blog/internal/model/user.go:69.58,72.32 2 0
github.com/markraiter/simple-blog/internal/model/user.go:72.32,73.33 1 0
github.com/markraiter/simple-blog/internal/model/user.go:73.33,75.4 1 0
github.com/markraiter/simple-blog/internal/model/user.go:78.2,78.14 1 0
github.com/markraiter/simple-blog/internal/model/user.go:87.60,91.32 3 0
github.com/markraiter/simple-blog/internal/model/user.go:91.32,92.47 1 0
github.com/markraiter/simple-blog/internal/model/user.go:92.47,94.4 1 0
github.com/markraiter/simple-blog/internal/model/user.go:97.2,97.14 1 0
